TN:
SF:src/components/Home.tsx
FN:8,(anonymous_0)
FNF:1
FNH:1
FNDA:6,(anonymous_0)
DA:8,1
DA:9,6
LF:2
LH:2
BRF:0
BRH:0
end_of_record
TN:
SF:src/domain/calculators/volumeCalculator.ts
FN:11,calculateSetVolume
FN:18,calculateTotalVolume
FN:20,(anonymous_2)
FN:26,calculateTotalReps
FN:28,(anonymous_4)
FN:34,calculateAverageWeight
FN:36,(anonymous_6)
FN:43,calculateMaxWeight
FN:45,(anonymous_8)
FN:54,calculateOneRepMax
FNF:10
FNH:10
FNDA:14,calculateSetVolume
FNDA:5,calculateTotalVolume
FNDA:9,(anonymous_2)
FNDA:3,calculateTotalReps
FNDA:4,(anonymous_4)
FNDA:5,calculateAverageWeight
FNDA:9,(anonymous_6)
FNDA:4,calculateMaxWeight
FNDA:7,(anonymous_8)
FNDA:7,calculateOneRepMax
DA:12,14
DA:19,5
DA:20,9
DA:27,3
DA:28,4
DA:35,5
DA:36,9
DA:37,4
DA:44,4
DA:45,7
DA:55,7
DA:56,5
DA:58,4
DA:59,4
LF:14
LH:14
BRDA:19,0,0,1
BRDA:19,0,1,4
BRDA:19,1,0,5
BRDA:19,1,1,5
BRDA:27,2,0,1
BRDA:27,2,1,2
BRDA:27,3,0,3
BRDA:27,3,1,3
BRDA:35,4,0,1
BRDA:35,4,1,4
BRDA:35,5,0,5
BRDA:35,5,1,5
BRDA:44,6,0,1
BRDA:44,6,1,3
BRDA:44,7,0,4
BRDA:44,7,1,4
BRDA:55,8,0,2
BRDA:55,8,1,5
BRDA:55,9,0,7
BRDA:55,9,1,6
BRDA:56,10,0,1
BRDA:56,10,1,4
BRF:22
BRH:22
end_of_record
TN:
SF:src/domain/formatters/exerciseFormatter.ts
FN:11,formatTimestamp
FN:39,formatVolume
FN:47,formatExerciseForStorage
FN:71,formatExerciseForDisplay
FN:72,(anonymous_4)
FN:73,(anonymous_5)
FN:74,(anonymous_6)
FN:75,(anonymous_7)
FNF:8
FNH:8
FNDA:14,formatTimestamp
FNDA:31,formatVolume
FNDA:3,formatExerciseForStorage
FNDA:8,formatExerciseForDisplay
FNDA:17,(anonymous_4)
FNDA:17,(anonymous_5)
FNDA:17,(anonymous_6)
FNDA:17,(anonymous_7)
DA:12,14
DA:13,14
DA:24,0
DA:40,31
DA:41,31
DA:48,3
DA:72,17
DA:73,17
DA:74,17
DA:75,17
DA:77,8
LF:11
LH:10
BRDA:39,0,0,31
BRDA:41,1,0,25
BRDA:41,1,1,6
BRF:3
BRH:3
end_of_record
TN:
SF:src/domain/validators/exerciseValidator.ts
FN:16,validateExerciseName
FN:27,validateExerciseGroup
FN:37,validateWeight
FN:49,validateReps
FN:62,validateSets
FN:84,(anonymous_5)
FN:109,validateExercise
FNF:7
FNH:7
FNDA:13,validateExerciseName
FNDA:10,validateExerciseGroup
FNDA:19,validateWeight
FNDA:19,validateReps
FNDA:13,validateSets
FNDA:12,(anonymous_5)
FNDA:7,validateExercise
DA:8,1
DA:9,1
DA:10,1
DA:11,1
DA:17,13
DA:18,9
DA:19,9
DA:20,8
DA:21,7
DA:28,10
DA:29,6
DA:30,6
DA:31,5
DA:38,19
DA:39,19
DA:40,18
DA:41,17
DA:42,11
DA:43,10
DA:50,19
DA:51,19
DA:52,18
DA:53,18
DA:54,12
DA:55,11
DA:56,10
DA:63,13
DA:66,13
DA:67,3
DA:71,3
DA:75,10
DA:76,1
DA:80,1
DA:84,9
DA:85,12
DA:86,4
DA:92,12
DA:93,4
DA:100,9
DA:110,7
DA:113,7
DA:114,1
DA:121,7
DA:122,3
DA:129,7
DA:130,3
DA:137,7
DA:138,7
DA:139,3
DA:142,7
LF:50
LH:50
BRDA:17,0,0,4
BRDA:17,0,1,9
BRDA:17,1,0,13
BRDA:17,1,1,9
BRDA:19,2,0,1
BRDA:19,2,1,8
BRDA:20,3,0,1
BRDA:20,3,1,7
BRDA:28,4,0,4
BRDA:28,4,1,6
BRDA:28,5,0,10
BRDA:28,5,1,6
BRDA:30,6,0,1
BRDA:30,6,1,5
BRDA:38,7,0,0
BRDA:38,7,1,19
BRDA:39,8,0,1
BRDA:39,8,1,18
BRDA:40,9,0,1
BRDA:40,9,1,17
BRDA:41,10,0,6
BRDA:41,10,1,11
BRDA:42,11,0,1
BRDA:42,11,1,10
BRDA:50,12,0,0
BRDA:50,12,1,19
BRDA:51,13,0,1
BRDA:51,13,1,18
BRDA:52,14,0,0
BRDA:52,14,1,18
BRDA:53,15,0,6
BRDA:53,15,1,12
BRDA:54,16,0,1
BRDA:54,16,1,11
BRDA:55,17,0,1
BRDA:55,17,1,10
BRDA:66,18,0,3
BRDA:66,18,1,10
BRDA:66,19,0,13
BRDA:66,19,1,13
BRDA:75,20,0,1
BRDA:75,20,1,9
BRDA:85,21,0,4
BRDA:85,21,1,8
BRDA:92,22,0,4
BRDA:92,22,1,8
BRDA:113,23,0,1
BRDA:113,23,1,6
BRDA:113,24,0,7
BRDA:113,24,1,6
BRDA:121,25,0,3
BRDA:121,25,1,4
BRDA:129,26,0,3
BRDA:129,26,1,4
BRDA:138,27,0,3
BRDA:138,27,1,4
BRF:56
BRH:53
end_of_record
